This file contains any messages produced by compilers while
running configure, to aid debugging if configure makes a mistake.

It was created by pkcs11-helper configure 1.11, which was
generated by GNU Autoconf 2.69.  Invocation command line was

  $ ./configure 

## --------- ##
## Platform. ##
## --------- ##

hostname = ubuntu
uname -m = x86_64
uname -r = 4.2.0-35-generic
uname -s = Linux
uname -v = #40~14.04.1-Ubuntu SMP Fri Mar 18 16:37:35 UTC 2016

/usr/bin/uname -p = unknown
/bin/uname -X     = unknown

/bin/arch              = unknown
/usr/bin/arch -k       = unknown
/usr/convex/getsysinfo = unknown
/usr/bin/hostinfo      = unknown
/bin/machine           = unknown
/usr/bin/oslevel       = unknown
/bin/universe          = unknown

PATH: /usr/local/sbin
PATH: /usr/local/bin
PATH: /usr/sbin
PATH: /usr/bin
PATH: /sbin
PATH: /bin
PATH: /usr/games
PATH: /usr/local/games


## ----------- ##
## Core tests. ##
## ----------- ##

configure:2620: checking for a BSD-compatible install
configure:2688: result: /usr/bin/install -c
configure:2699: checking whether build environment is sane
configure:2754: result: yes
configure:2905: checking for a thread-safe mkdir -p
configure:2944: result: /bin/mkdir -p
configure:2951: checking for gawk
configure:2981: result: no
configure:2951: checking for mawk
configure:2967: found /usr/bin/mawk
configure:2978: result: mawk
configure:2989: checking whether make sets $(MAKE)
configure:3011: result: yes
configure:3040: checking whether make supports nested variables
configure:3057: result: yes
configure:3201: checking build system type
configure:3215: result: x86_64-unknown-linux-gnu
configure:3235: checking host system type
configure:3248: result: x86_64-unknown-linux-gnu
configure:3546: checking for gcc
configure:3562: found /usr/bin/gcc
configure:3573: result: gcc
configure:3802: checking for C compiler version
configure:3811: gcc --version >&5
gcc (Ubuntu 4.8.4-2ubuntu1~14.04.1) 4.8.4
Copyright (C) 2013 Free Software Foundation, Inc.
This is free software; see the source for copying conditions.  There is NO
warranty; not even for MERCHANTABILITY or FITNESS FOR A PARTICULAR PURPOSE.

configure:3822: $? = 0
configure:3811: gcc -v >&5
Using built-in specs.
COLLECT_GCC=gcc
COLLECT_LTO_WRAPPER=/usr/lib/gcc/x86_64-linux-gnu/4.8/lto-wrapper
Target: x86_64-linux-gnu
Configured with: ../src/configure -v --with-pkgversion='Ubuntu 4.8.4-2ubuntu1~14.04.1' --with-bugurl=file:///usr/share/doc/gcc-4.8/README.Bugs --enable-languages=c,c++,java,go,d,fortran,objc,obj-c++ --prefix=/usr --program-suffix=-4.8 --enable-shared --enable-linker-build-id --libexecdir=/usr/lib --without-included-gettext --enable-threads=posix --with-gxx-include-dir=/usr/include/c++/4.8 --libdir=/usr/lib --enable-nls --with-sysroot=/ --enable-clocale=gnu --enable-libstdcxx-debug --enable-libstdcxx-time=yes --enable-gnu-unique-object --disable-libmudflap --enable-plugin --with-system-zlib --disable-browser-plugin --enable-java-awt=gtk --enable-gtk-cairo --with-java-home=/usr/lib/jvm/java-1.5.0-gcj-4.8-amd64/jre --enable-java-home --with-jvm-root-dir=/usr/lib/jvm/java-1.5.0-gcj-4.8-amd64 --with-jvm-jar-dir=/usr/lib/jvm-exports/java-1.5.0-gcj-4.8-amd64 --with-arch-directory=amd64 --with-ecj-jar=/usr/share/java/eclipse-ecj.jar --enable-objc-gc --enable-multiarch --disable-werror --with-arch-32=i686 --with-abi=m64 --with-multilib-list=m32,m64,mx32 --with-tune=generic --enable-checking=release --build=x86_64-linux-gnu --host=x86_64-linux-gnu --target=x86_64-linux-gnu
Thread model: posix
gcc version 4.8.4 (Ubuntu 4.8.4-2ubuntu1~14.04.1) 
configure:3822: $? = 0
configure:3811: gcc -V >&5
gcc: error: unrecognized command line option '-V'
gcc: fatal error: no input files
compilation terminated.
configure:3822: $? = 4
configure:3811: gcc -qversion >&5
gcc: error: unrecognized command line option '-qversion'
gcc: fatal error: no input files
compilation terminated.
configure:3822: $? = 4
configure:3842: checking whether the C compiler works
configure:3864: gcc    conftest.c  >&5
configure:3868: $? = 0
configure:3916: result: yes
configure:3919: checking for C compiler default output file name
configure:3921: result: a.out
configure:3927: checking for suffix of executables
configure:3934: gcc -o conftest    conftest.c  >&5
configure:3938: $? = 0
configure:3960: result: 
configure:3982: checking whether we are cross compiling
configure:3990: gcc -o conftest    conftest.c  >&5
configure:3994: $? = 0
configure:4001: ./conftest
configure:4005: $? = 0
configure:4020: result: no
configure:4025: checking for suffix of object files
configure:4047: gcc -c   conftest.c >&5
configure:4051: $? = 0
configure:4072: result: o
configure:4076: checking whether we are using the GNU C compiler
configure:4095: gcc -c   conftest.c >&5
configure:4095: $? = 0
configure:4104: result: yes
configure:4113: checking whether gcc accepts -g
configure:4133: gcc -c -g  conftest.c >&5
configure:4133: $? = 0
configure:4174: result: yes
configure:4191: checking for gcc option to accept ISO C89
configure:4254: gcc  -c -g -O2  conftest.c >&5
configure:4254: $? = 0
configure:4267: result: none needed
configure:4292: checking whether gcc understands -c and -o together
configure:4314: gcc -c conftest.c -o conftest2.o
configure:4317: $? = 0
configure:4314: gcc -c conftest.c -o conftest2.o
configure:4317: $? = 0
configure:4329: result: yes
configure:4357: checking for style of include used by make
configure:4385: result: GNU
configure:4411: checking dependency style of gcc
configure:4522: result: gcc3
configure:4592: checking for pkg-config
configure:4610: found /usr/bin/pkg-config
configure:4622: result: /usr/bin/pkg-config
configure:4647: checking pkg-config is at least version 0.9.0
configure:4650: result: yes
configure:4663: checking for m4
configure:4679: found /usr/bin/m4
configure:4690: result: m4
configure:4749: checking how to print strings
configure:4776: result: printf
configure:4797: checking for a sed that does not truncate output
configure:4861: result: /bin/sed
configure:4879: checking for grep that handles long lines and -e
configure:4937: result: /bin/grep
configure:4942: checking for egrep
configure:5004: result: /bin/grep -E
configure:5009: checking for fgrep
configure:5071: result: /bin/grep -F
configure:5106: checking for ld used by gcc
configure:5173: result: /usr/bin/ld
configure:5180: checking if the linker (/usr/bin/ld) is GNU ld
configure:5195: result: yes
configure:5207: checking for BSD- or MS-compatible name lister (nm)
configure:5256: result: /usr/bin/nm -B
configure:5386: checking the name lister (/usr/bin/nm -B) interface
configure:5393: gcc -c -g -O2  conftest.c >&5
configure:5396: /usr/bin/nm -B "conftest.o"
configure:5399: output
0000000000000000 B some_variable
configure:5406: result: BSD nm
configure:5409: checking whether ln -s works
configure:5413: result: yes
configure:5421: checking the maximum length of command line arguments
configure:5552: result: 1572864
configure:5569: checking whether the shell understands some XSI constructs
configure:5579: result: yes
configure:5583: checking whether the shell understands "+="
configure:5589: result: yes
configure:5624: checking how to convert x86_64-unknown-linux-gnu file names to x86_64-unknown-linux-gnu format
configure:5664: result: func_convert_file_noop
configure:5671: checking how to convert x86_64-unknown-linux-gnu file names to toolchain format
configure:5691: result: func_convert_file_noop
configure:5698: checking for /usr/bin/ld option to reload object files
configure:5705: result: -r
configure:5779: checking for objdump
configure:5795: found /usr/bin/objdump
configure:5806: result: objdump
configure:5835: checking how to recognize dependent libraries
configure:6033: result: pass_all
configure:6118: checking for dlltool
configure:6148: result: no
configure:6175: checking how to associate runtime and link libraries
configure:6202: result: printf %s\n
configure:6263: checking for ar
configure:6279: found /usr/bin/ar
configure:6290: result: ar
configure:6327: checking for archiver @FILE support
configure:6344: gcc -c -g -O2  conftest.c >&5
configure:6344: $? = 0
configure:6347: ar cru libconftest.a @conftest.lst >&5
configure:6350: $? = 0
configure:6355: ar cru libconftest.a @conftest.lst >&5
ar: conftest.o: No such file or directory
configure:6358: $? = 1
configure:6370: result: @
configure:6428: checking for strip
configure:6444: found /usr/bin/strip
configure:6455: result: strip
configure:6527: checking for ranlib
configure:6543: found /usr/bin/ranlib
configure:6554: result: ranlib
configure:6656: checking command to parse /usr/bin/nm -B output from gcc object
configure:6776: gcc -c -g -O2  conftest.c >&5
configure:6779: $? = 0
configure:6783: /usr/bin/nm -B conftest.o \| sed -n -e 's/^.*[ ]\([ABCDGIRSTW][ABCDGIRSTW]*\)[ ][ ]*\([_A-Za-z][_A-Za-z0-9]*\)$/\1 \2 \2/p' | sed '/ __gnu_lto/d' \> conftest.nm
configure:6786: $? = 0
configure:6852: gcc -o conftest -g -O2   conftest.c conftstm.o >&5
configure:6855: $? = 0
configure:6893: result: ok
configure:6930: checking for sysroot
configure:6960: result: no
configure:7037: gcc -c -g -O2  conftest.c >&5
configure:7040: $? = 0
configure:7229: checking for mt
configure:7245: found /bin/mt
configure:7256: result: mt
configure:7279: checking if mt is a manifest tool
configure:7285: mt '-?'
configure:7293: result: no
configure:7935: checking how to run the C preprocessor
configure:7966: gcc -E  conftest.c
configure:7966: $? = 0
configure:7980: gcc -E  conftest.c
conftest.c:13:28: fatal error: ac_nonexistent.h: No such file or directory
 #include <ac_nonexistent.h>
                            ^
compilation terminated.
configure:7980: $? = 1
configure: failed program was:
| /* confdefs.h */
| #define PACKAGE_NAME "pkcs11-helper"
| #define PACKAGE_TARNAME "pkcs11-helper"
| #define PACKAGE_VERSION "1.11"
| #define PACKAGE_STRING "pkcs11-helper 1.11"
| #define PACKAGE_BUGREPORT ""
| #define PACKAGE_URL ""
| #define PACKAGE "pkcs11-helper"
| #define VERSION "1.11"
| #define TEST_PROVIDER "/usr/lib/pkcs11/provider.so"
| #define TEST_LOG_LEVEL 3
| /* end confdefs.h.  */
| #include <ac_nonexistent.h>
configure:8005: result: gcc -E
configure:8025: gcc -E  conftest.c
configure:8025: $? = 0
configure:8039: gcc -E  conftest.c
conftest.c:13:28: fatal error: ac_nonexistent.h: No such file or directory
 #include <ac_nonexistent.h>
                            ^
compilation terminated.
configure:8039: $? = 1
configure: failed program was:
| /* confdefs.h */
| #define PACKAGE_NAME "pkcs11-helper"
| #define PACKAGE_TARNAME "pkcs11-helper"
| #define PACKAGE_VERSION "1.11"
| #define PACKAGE_STRING "pkcs11-helper 1.11"
| #define PACKAGE_BUGREPORT ""
| #define PACKAGE_URL ""
| #define PACKAGE "pkcs11-helper"
| #define VERSION "1.11"
| #define TEST_PROVIDER "/usr/lib/pkcs11/provider.so"
| #define TEST_LOG_LEVEL 3
| /* end confdefs.h.  */
| #include <ac_nonexistent.h>
configure:8068: checking for ANSI C header files
configure:8088: gcc -c -g -O2  conftest.c >&5
configure:8088: $? = 0
configure:8161: gcc -o conftest -g -O2   conftest.c  >&5
configure:8161: $? = 0
configure:8161: ./conftest
configure:8161: $? = 0
configure:8172: result: yes
configure:8185: checking for sys/types.h
configure:8185: gcc -c -g -O2  conftest.c >&5
configure:8185: $? = 0
configure:8185: result: yes
configure:8185: checking for sys/stat.h
configure:8185: gcc -c -g -O2  conftest.c >&5
configure:8185: $? = 0
configure:8185: result: yes
configure:8185: checking for stdlib.h
configure:8185: gcc -c -g -O2  conftest.c >&5
configure:8185: $? = 0
configure:8185: result: yes
configure:8185: checking for string.h
configure:8185: gcc -c -g -O2  conftest.c >&5
configure:8185: $? = 0
configure:8185: result: yes
configure:8185: checking for memory.h
configure:8185: gcc -c -g -O2  conftest.c >&5
configure:8185: $? = 0
configure:8185: result: yes
configure:8185: checking for strings.h
configure:8185: gcc -c -g -O2  conftest.c >&5
configure:8185: $? = 0
configure:8185: result: yes
configure:8185: checking for inttypes.h
configure:8185: gcc -c -g -O2  conftest.c >&5
configure:8185: $? = 0
configure:8185: result: yes
configure:8185: checking for stdint.h
configure:8185: gcc -c -g -O2  conftest.c >&5
configure:8185: $? = 0
configure:8185: result: yes
configure:8185: checking for unistd.h
configure:8185: gcc -c -g -O2  conftest.c >&5
configure:8185: $? = 0
configure:8185: result: yes
configure:8199: checking for dlfcn.h
configure:8199: gcc -c -g -O2  conftest.c >&5
configure:8199: $? = 0
configure:8199: result: yes
configure:8703: checking for objdir
configure:8718: result: .libs
configure:8989: checking if gcc supports -fno-rtti -fno-exceptions
configure:9007: gcc -c -g -O2  -fno-rtti -fno-exceptions conftest.c >&5
cc1: warning: command line option '-fno-rtti' is valid for C++/ObjC++ but not for C [enabled by default]
configure:9011: $? = 0
configure:9024: result: no
configure:9351: checking for gcc option to produce PIC
configure:9358: result: -fPIC -DPIC
configure:9366: checking if gcc PIC flag -fPIC -DPIC works
configure:9384: gcc -c -g -O2  -fPIC -DPIC -DPIC conftest.c >&5
configure:9388: $? = 0
configure:9401: result: yes
configure:9430: checking if gcc static flag -static works
configure:9458: result: yes
configure:9473: checking if gcc supports -c -o file.o
configure:9494: gcc -c -g -O2  -o out/conftest2.o conftest.c >&5
configure:9498: $? = 0
configure:9520: result: yes
configure:9528: checking if gcc supports -c -o file.o
configure:9575: result: yes
configure:9608: checking whether the gcc linker (/usr/bin/ld -m elf_x86_64) supports shared libraries
configure:10765: result: yes
configure:10802: checking whether -lc should be explicitly linked in
configure:10810: gcc -c -g -O2  conftest.c >&5
configure:10813: $? = 0
configure:10828: gcc -shared  -fPIC -DPIC conftest.o  -v -Wl,-soname -Wl,conftest -o conftest 2\>\&1 \| /bin/grep  -lc  \>/dev/null 2\>\&1
configure:10831: $? = 0
configure:10845: result: no
configure:11005: checking dynamic linker characteristics
configure:11505: gcc -o conftest -g -O2   -Wl,-rpath -Wl,/foo conftest.c  >&5
configure:11505: $? = 0
configure:11739: result: GNU/Linux ld.so
configure:11846: checking how to hardcode library paths into programs
configure:11871: result: immediate
configure:12411: checking whether stripping libraries is possible
configure:12416: result: yes
configure:12451: checking if libtool supports shared libraries
configure:12453: result: yes
configure:12456: checking whether to build shared libraries
configure:12477: result: yes
configure:12480: checking whether to build static libraries
configure:12484: result: yes
configure:12564: checking for windres
configure:12594: result: no
configure:12795: checking whether time.h and sys/time.h may both be included
configure:12815: gcc -c -g -O2  conftest.c >&5
configure:12815: $? = 0
configure:12822: result: yes
configure:12836: checking for sys/time.h
configure:12836: gcc -c -g -O2  conftest.c >&5
configure:12836: $? = 0
configure:12836: result: yes
configure:12836: checking for unistd.h
configure:12836: result: yes
configure:12857: checking for alarm
configure:12857: gcc -o conftest -g -O2   conftest.c  >&5
configure:12857: $? = 0
configure:12857: result: yes
configure:12870: checking for working mktime
configure:13072: gcc -o conftest -g -O2   conftest.c  >&5
configure:13072: $? = 0
configure:13072: ./conftest
configure:13072: $? = 0
configure:13082: result: yes
configure:13095: checking for vprintf
configure:13095: gcc -o conftest -g -O2   conftest.c  >&5
conftest.c:52:6: warning: conflicting types for built-in function 'vprintf' [enabled by default]
 char vprintf ();
      ^
configure:13095: $? = 0
configure:13095: result: yes
configure:13101: checking for _doprnt
configure:13101: gcc -o conftest -g -O2   conftest.c  >&5
/tmp/cc7bp95S.o: In function `main':
/home/waseldev/Development/pkcs11-helper/conftest.c:64: undefined reference to `_doprnt'
collect2: error: ld returned 1 exit status
configure:13101: $? = 1
configure: failed program was:
| /* confdefs.h */
| #define PACKAGE_NAME "pkcs11-helper"
| #define PACKAGE_TARNAME "pkcs11-helper"
| #define PACKAGE_VERSION "1.11"
| #define PACKAGE_STRING "pkcs11-helper 1.11"
| #define PACKAGE_BUGREPORT ""
| #define PACKAGE_URL ""
| #define PACKAGE "pkcs11-helper"
| #define VERSION "1.11"
| #define TEST_PROVIDER "/usr/lib/pkcs11/provider.so"
| #define TEST_LOG_LEVEL 3
| #define STDC_HEADERS 1
| #define HAVE_SYS_TYPES_H 1
| #define HAVE_SYS_STAT_H 1
| #define HAVE_STDLIB_H 1
| #define HAVE_STRING_H 1
| #define HAVE_MEMORY_H 1
| #define HAVE_STRINGS_H 1
| #define HAVE_INTTYPES_H 1
| #define HAVE_STDINT_H 1
| #define HAVE_UNISTD_H 1
| #define HAVE_DLFCN_H 1
| #define LT_OBJDIR ".libs/"
| #define TIME_WITH_SYS_TIME 1
| #define HAVE_SYS_TIME_H 1
| #define HAVE_UNISTD_H 1
| #define HAVE_ALARM 1
| #define HAVE_VPRINTF 1
| /* end confdefs.h.  */
| /* Define _doprnt to an innocuous variant, in case <limits.h> declares _doprnt.
|    For example, HP-UX 11i <limits.h> declares gettimeofday.  */
| #define _doprnt innocuous__doprnt
| 
| /* System header to define __stub macros and hopefully few prototypes,
|     which can conflict with char _doprnt (); below.
|     Prefer <limits.h> to <assert.h> if __STDC__ is defined, since
|     <limits.h> exists even on freestanding compilers.  */
| 
| #ifdef __STDC__
| # include <limits.h>
| #else
| # include <assert.h>
| #endif
| 
| #undef _doprnt
| 
| /* Override any GCC internal prototype to avoid an error.
|    Use char because int might match the return type of a GCC
|    builtin and then its argument prototype would still apply.  */
| #ifdef __cplusplus
| extern "C"
| #endif
| char _doprnt ();
| /* The GNU C library defines this for functions which it implements
|     to always fail with ENOSYS.  Some functions are actually named
|     something starting with __ and the normal name is an alias.  */
| #if defined __stub__doprnt || defined __stub____doprnt
| choke me
| #endif
| 
| int
| main ()
| {
| return _doprnt ();
|   ;
|   return 0;
| }
configure:13101: result: no
configure:13118: checking for gettimeofday
configure:13118: gcc -o conftest -g -O2   conftest.c  >&5
configure:13118: $? = 0
configure:13118: result: yes
configure:13118: checking for memmove
configure:13118: gcc -o conftest -g -O2   conftest.c  >&5
conftest.c:54:6: warning: conflicting types for built-in function 'memmove' [enabled by default]
 char memmove ();
      ^
configure:13118: $? = 0
configure:13118: result: yes
configure:13118: checking for memset
configure:13118: gcc -o conftest -g -O2   conftest.c  >&5
conftest.c:55:6: warning: conflicting types for built-in function 'memset' [enabled by default]
 char memset ();
      ^
configure:13118: $? = 0
configure:13118: result: yes
configure:13118: checking for socket
configure:13118: gcc -o conftest -g -O2   conftest.c  >&5
configure:13118: $? = 0
configure:13118: result: yes
configure:13118: checking for strchr
configure:13118: gcc -o conftest -g -O2   conftest.c  >&5
conftest.c:57:6: warning: conflicting types for built-in function 'strchr' [enabled by default]
 char strchr ();
      ^
configure:13118: $? = 0
configure:13118: result: yes
configure:13118: checking for strdup
configure:13118: gcc -o conftest -g -O2   conftest.c  >&5
conftest.c:58:6: warning: conflicting types for built-in function 'strdup' [enabled by default]
 char strdup ();
      ^
configure:13118: $? = 0
configure:13118: result: yes
configure:13118: checking for strerror
configure:13118: gcc -o conftest -g -O2   conftest.c  >&5
configure:13118: $? = 0
configure:13118: result: yes
configure:13118: checking for strrchr
configure:13118: gcc -o conftest -g -O2   conftest.c  >&5
conftest.c:60:6: warning: conflicting types for built-in function 'strrchr' [enabled by default]
 char strrchr ();
      ^
configure:13118: $? = 0
configure:13118: result: yes
configure:13118: checking for snprintf
configure:13118: gcc -o conftest -g -O2   conftest.c  >&5
conftest.c:61:6: warning: conflicting types for built-in function 'snprintf' [enabled by default]
 char snprintf ();
      ^
configure:13118: $? = 0
configure:13118: result: yes
configure:13129: checking for dlopen in -ldl
configure:13154: gcc -o conftest -g -O2   conftest.c -ldl   >&5
configure:13154: $? = 0
configure:13163: result: yes
configure:13176: checking for pthread_create in -lpthread
configure:13201: gcc -o conftest -g -O2   conftest.c -lpthread  -ldl  >&5
configure:13201: $? = 0
configure:13210: result: yes
configure:13225: checking for OPENSSL
configure:13232: $PKG_CONFIG --exists --print-errors "libcrypto >= 0.9.7"
configure:13235: $? = 0
configure:13249: $PKG_CONFIG --exists --print-errors "libcrypto >= 0.9.7"
configure:13252: $? = 0
configure:13290: result: yes
configure:13371: checking for ECDSA_METHOD_new
configure:13371: gcc -o conftest -g -O2   conftest.c -lpthread -ldl  -lcrypto   >&5
/tmp/cc5QmmX9.o: In function `main':
/home/waseldev/Development/pkcs11-helper/conftest.c:75: undefined reference to `ECDSA_METHOD_new'
collect2: error: ld returned 1 exit status
configure:13371: $? = 1
configure: failed program was:
| /* confdefs.h */
| #define PACKAGE_NAME "pkcs11-helper"
| #define PACKAGE_TARNAME "pkcs11-helper"
| #define PACKAGE_VERSION "1.11"
| #define PACKAGE_STRING "pkcs11-helper 1.11"
| #define PACKAGE_BUGREPORT ""
| #define PACKAGE_URL ""
| #define PACKAGE "pkcs11-helper"
| #define VERSION "1.11"
| #define TEST_PROVIDER "/usr/lib/pkcs11/provider.so"
| #define TEST_LOG_LEVEL 3
| #define STDC_HEADERS 1
| #define HAVE_SYS_TYPES_H 1
| #define HAVE_SYS_STAT_H 1
| #define HAVE_STDLIB_H 1
| #define HAVE_STRING_H 1
| #define HAVE_MEMORY_H 1
| #define HAVE_STRINGS_H 1
| #define HAVE_INTTYPES_H 1
| #define HAVE_STDINT_H 1
| #define HAVE_UNISTD_H 1
| #define HAVE_DLFCN_H 1
| #define LT_OBJDIR ".libs/"
| #define TIME_WITH_SYS_TIME 1
| #define HAVE_SYS_TIME_H 1
| #define HAVE_UNISTD_H 1
| #define HAVE_ALARM 1
| #define HAVE_VPRINTF 1
| #define HAVE_GETTIMEOFDAY 1
| #define HAVE_MEMMOVE 1
| #define HAVE_MEMSET 1
| #define HAVE_SOCKET 1
| #define HAVE_STRCHR 1
| #define HAVE_STRDUP 1
| #define HAVE_STRERROR 1
| #define HAVE_STRRCHR 1
| #define HAVE_SNPRINTF 1
| #define HAVE_LIBDL 1
| #define HAVE_LIBPTHREAD 1
| /* end confdefs.h.  */
| /* Define ECDSA_METHOD_new to an innocuous variant, in case <limits.h> declares ECDSA_METHOD_new.
|    For example, HP-UX 11i <limits.h> declares gettimeofday.  */
| #define ECDSA_METHOD_new innocuous_ECDSA_METHOD_new
| 
| /* System header to define __stub macros and hopefully few prototypes,
|     which can conflict with char ECDSA_METHOD_new (); below.
|     Prefer <limits.h> to <assert.h> if __STDC__ is defined, since
|     <limits.h> exists even on freestanding compilers.  */
| 
| #ifdef __STDC__
| # include <limits.h>
| #else
| # include <assert.h>
| #endif
| 
| #undef ECDSA_METHOD_new
| 
| /* Override any GCC internal prototype to avoid an error.
|    Use char because int might match the return type of a GCC
|    builtin and then its argument prototype would still apply.  */
| #ifdef __cplusplus
| extern "C"
| #endif
| char ECDSA_METHOD_new ();
| /* The GNU C library defines this for functions which it implements
|     to always fail with ENOSYS.  Some functions are actually named
|     something starting with __ and the normal name is an alias.  */
| #if defined __stub_ECDSA_METHOD_new || defined __stub___ECDSA_METHOD_new
| choke me
| #endif
| 
| int
| main ()
| {
| return ECDSA_METHOD_new ();
|   ;
|   return 0;
| }
configure:13371: result: no
configure:13386: checking ecs_locl.h usability
configure:13386: gcc -c -g -O2    -I. conftest.c >&5
conftest.c:74:22: fatal error: ecs_locl.h: No such file or directory
 #include <ecs_locl.h>
                      ^
compilation terminated.
configure:13386: $? = 1
configure: failed program was:
| /* confdefs.h */
| #define PACKAGE_NAME "pkcs11-helper"
| #define PACKAGE_TARNAME "pkcs11-helper"
| #define PACKAGE_VERSION "1.11"
| #define PACKAGE_STRING "pkcs11-helper 1.11"
| #define PACKAGE_BUGREPORT ""
| #define PACKAGE_URL ""
| #define PACKAGE "pkcs11-helper"
| #define VERSION "1.11"
| #define TEST_PROVIDER "/usr/lib/pkcs11/provider.so"
| #define TEST_LOG_LEVEL 3
| #define STDC_HEADERS 1
| #define HAVE_SYS_TYPES_H 1
| #define HAVE_SYS_STAT_H 1
| #define HAVE_STDLIB_H 1
| #define HAVE_STRING_H 1
| #define HAVE_MEMORY_H 1
| #define HAVE_STRINGS_H 1
| #define HAVE_INTTYPES_H 1
| #define HAVE_STDINT_H 1
| #define HAVE_UNISTD_H 1
| #define HAVE_DLFCN_H 1
| #define LT_OBJDIR ".libs/"
| #define TIME_WITH_SYS_TIME 1
| #define HAVE_SYS_TIME_H 1
| #define HAVE_UNISTD_H 1
| #define HAVE_ALARM 1
| #define HAVE_VPRINTF 1
| #define HAVE_GETTIMEOFDAY 1
| #define HAVE_MEMMOVE 1
| #define HAVE_MEMSET 1
| #define HAVE_SOCKET 1
| #define HAVE_STRCHR 1
| #define HAVE_STRDUP 1
| #define HAVE_STRERROR 1
| #define HAVE_STRRCHR 1
| #define HAVE_SNPRINTF 1
| #define HAVE_LIBDL 1
| #define HAVE_LIBPTHREAD 1
| /* end confdefs.h.  */
| #include <stdio.h>
| #ifdef HAVE_SYS_TYPES_H
| # include <sys/types.h>
| #endif
| #ifdef HAVE_SYS_STAT_H
| # include <sys/stat.h>
| #endif
| #ifdef STDC_HEADERS
| # include <stdlib.h>
| # include <stddef.h>
| #else
| # ifdef HAVE_STDLIB_H
| #  include <stdlib.h>
| # endif
| #endif
| #ifdef HAVE_STRING_H
| # if !defined STDC_HEADERS && defined HAVE_MEMORY_H
| #  include <memory.h>
| # endif
| # include <string.h>
| #endif
| #ifdef HAVE_STRINGS_H
| # include <strings.h>
| #endif
| #ifdef HAVE_INTTYPES_H
| # include <inttypes.h>
| #endif
| #ifdef HAVE_STDINT_H
| # include <stdint.h>
| #endif
| #ifdef HAVE_UNISTD_H
| # include <unistd.h>
| #endif
| #include <ecs_locl.h>
configure:13386: result: no
configure:13386: checking ecs_locl.h presence
configure:13386: gcc -E  -I. conftest.c
conftest.c:41:22: fatal error: ecs_locl.h: No such file or directory
 #include <ecs_locl.h>
                      ^
compilation terminated.
configure:13386: $? = 1
configure: failed program was:
| /* confdefs.h */
| #define PACKAGE_NAME "pkcs11-helper"
| #define PACKAGE_TARNAME "pkcs11-helper"
| #define PACKAGE_VERSION "1.11"
| #define PACKAGE_STRING "pkcs11-helper 1.11"
| #define PACKAGE_BUGREPORT ""
| #define PACKAGE_URL ""
| #define PACKAGE "pkcs11-helper"
| #define VERSION "1.11"
| #define TEST_PROVIDER "/usr/lib/pkcs11/provider.so"
| #define TEST_LOG_LEVEL 3
| #define STDC_HEADERS 1
| #define HAVE_SYS_TYPES_H 1
| #define HAVE_SYS_STAT_H 1
| #define HAVE_STDLIB_H 1
| #define HAVE_STRING_H 1
| #define HAVE_MEMORY_H 1
| #define HAVE_STRINGS_H 1
| #define HAVE_INTTYPES_H 1
| #define HAVE_STDINT_H 1
| #define HAVE_UNISTD_H 1
| #define HAVE_DLFCN_H 1
| #define LT_OBJDIR ".libs/"
| #define TIME_WITH_SYS_TIME 1
| #define HAVE_SYS_TIME_H 1
| #define HAVE_UNISTD_H 1
| #define HAVE_ALARM 1
| #define HAVE_VPRINTF 1
| #define HAVE_GETTIMEOFDAY 1
| #define HAVE_MEMMOVE 1
| #define HAVE_MEMSET 1
| #define HAVE_SOCKET 1
| #define HAVE_STRCHR 1
| #define HAVE_STRDUP 1
| #define HAVE_STRERROR 1
| #define HAVE_STRRCHR 1
| #define HAVE_SNPRINTF 1
| #define HAVE_LIBDL 1
| #define HAVE_LIBPTHREAD 1
| /* end confdefs.h.  */
| #include <ecs_locl.h>
configure:13386: result: no
configure:13386: checking for ecs_locl.h
configure:13386: result: no
configure:13428: checking for OpenSSL ec support
configure:13430: result: none
configure:13436: checking for GNUTLS
configure:13443: $PKG_CONFIG --exists --print-errors "gnutls >= 1.4"
Package gnutls was not found in the pkg-config search path.
Perhaps you should add the directory containing `gnutls.pc'
to the PKG_CONFIG_PATH environment variable
No package 'gnutls' found
configure:13446: $? = 1
configure:13460: $PKG_CONFIG --exists --print-errors "gnutls >= 1.4"
Package gnutls was not found in the pkg-config search path.
Perhaps you should add the directory containing `gnutls.pc'
to the PKG_CONFIG_PATH environment variable
No package 'gnutls' found
configure:13463: $? = 1
configure:13477: result: no
No package 'gnutls' found
configure:13507: checking for NSS
configure:13514: $PKG_CONFIG --exists --print-errors "nss >= 3.11"
Package nss was not found in the pkg-config search path.
Perhaps you should add the directory containing `nss.pc'
to the PKG_CONFIG_PATH environment variable
No package 'nss' found
configure:13517: $? = 1
configure:13531: $PKG_CONFIG --exists --print-errors "nss >= 3.11"
Package nss was not found in the pkg-config search path.
Perhaps you should add the directory containing `nss.pc'
to the PKG_CONFIG_PATH environment variable
No package 'nss' found
configure:13534: $? = 1
configure:13548: result: no
No package 'nss' found
configure:13580: checking for x509parse_crt in -lpolarssl
configure:13605: gcc -o conftest -g -O2   conftest.c -lpolarssl  -lpthread -ldl  >&5
/usr/bin/ld: cannot find -lpolarssl
collect2: error: ld returned 1 exit status
configure:13605: $? = 1
configure: failed program was:
| /* confdefs.h */
| #define PACKAGE_NAME "pkcs11-helper"
| #define PACKAGE_TARNAME "pkcs11-helper"
| #define PACKAGE_VERSION "1.11"
| #define PACKAGE_STRING "pkcs11-helper 1.11"
| #define PACKAGE_BUGREPORT ""
| #define PACKAGE_URL ""
| #define PACKAGE "pkcs11-helper"
| #define VERSION "1.11"
| #define TEST_PROVIDER "/usr/lib/pkcs11/provider.so"
| #define TEST_LOG_LEVEL 3
| #define STDC_HEADERS 1
| #define HAVE_SYS_TYPES_H 1
| #define HAVE_SYS_STAT_H 1
| #define HAVE_STDLIB_H 1
| #define HAVE_STRING_H 1
| #define HAVE_MEMORY_H 1
| #define HAVE_STRINGS_H 1
| #define HAVE_INTTYPES_H 1
| #define HAVE_STDINT_H 1
| #define HAVE_UNISTD_H 1
| #define HAVE_DLFCN_H 1
| #define LT_OBJDIR ".libs/"
| #define TIME_WITH_SYS_TIME 1
| #define HAVE_SYS_TIME_H 1
| #define HAVE_UNISTD_H 1
| #define HAVE_ALARM 1
| #define HAVE_VPRINTF 1
| #define HAVE_GETTIMEOFDAY 1
| #define HAVE_MEMMOVE 1
| #define HAVE_MEMSET 1
| #define HAVE_SOCKET 1
| #define HAVE_STRCHR 1
| #define HAVE_STRDUP 1
| #define HAVE_STRERROR 1
| #define HAVE_STRRCHR 1
| #define HAVE_SNPRINTF 1
| #define HAVE_LIBDL 1
| #define HAVE_LIBPTHREAD 1
| /* end confdefs.h.  */
| 
| /* Override any GCC internal prototype to avoid an error.
|    Use char because int might match the return type of a GCC
|    builtin and then its argument prototype would still apply.  */
| #ifdef __cplusplus
| extern "C"
| #endif
| char x509parse_crt ();
| int
| main ()
| {
| return x509parse_crt ();
|   ;
|   return 0;
| }
configure:13614: result: no
configure:13631: checking for ANSI C header files
configure:13735: result: yes
configure:13743: checking for ISO C 1999 vararg macro support
configure:13752: gcc -c -g -O2  conftest.c >&5
configure:13752: $? = 0
configure:13759: result: yes
configure:13767: checking for GNU GCC vararg macro support
configure:13776: gcc -c -g -O2  conftest.c >&5
configure:13776: $? = 0
configure:13783: result: yes
configure:13791: checking for an ANSI C-conforming const
configure:13857: gcc -c -g -O2  conftest.c >&5
configure:13857: $? = 0
configure:13864: result: yes
configure:13872: checking for working volatile
configure:13891: gcc -c -g -O2  conftest.c >&5
configure:13891: $? = 0
configure:13898: result: yes
configure:13906: checking for off_t
configure:13906: gcc -c -g -O2  conftest.c >&5
configure:13906: $? = 0
configure:13906: gcc -c -g -O2  conftest.c >&5
conftest.c: In function 'main':
conftest.c:80:20: error: expected expression before ')' token
 if (sizeof ((off_t)))
                    ^
configure:13906: $? = 1
configure: failed program was:
| /* confdefs.h */
| #define PACKAGE_NAME "pkcs11-helper"
| #define PACKAGE_TARNAME "pkcs11-helper"
| #define PACKAGE_VERSION "1.11"
| #define PACKAGE_STRING "pkcs11-helper 1.11"
| #define PACKAGE_BUGREPORT ""
| #define PACKAGE_URL ""
| #define PACKAGE "pkcs11-helper"
| #define VERSION "1.11"
| #define TEST_PROVIDER "/usr/lib/pkcs11/provider.so"
| #define TEST_LOG_LEVEL 3
| #define STDC_HEADERS 1
| #define HAVE_SYS_TYPES_H 1
| #define HAVE_SYS_STAT_H 1
| #define HAVE_STDLIB_H 1
| #define HAVE_STRING_H 1
| #define HAVE_MEMORY_H 1
| #define HAVE_STRINGS_H 1
| #define HAVE_INTTYPES_H 1
| #define HAVE_STDINT_H 1
| #define HAVE_UNISTD_H 1
| #define HAVE_DLFCN_H 1
| #define LT_OBJDIR ".libs/"
| #define TIME_WITH_SYS_TIME 1
| #define HAVE_SYS_TIME_H 1
| #define HAVE_UNISTD_H 1
| #define HAVE_ALARM 1
| #define HAVE_VPRINTF 1
| #define HAVE_GETTIMEOFDAY 1
| #define HAVE_MEMMOVE 1
| #define HAVE_MEMSET 1
| #define HAVE_SOCKET 1
| #define HAVE_STRCHR 1
| #define HAVE_STRDUP 1
| #define HAVE_STRERROR 1
| #define HAVE_STRRCHR 1
| #define HAVE_SNPRINTF 1
| #define HAVE_LIBDL 1
| #define HAVE_LIBPTHREAD 1
| #define STDC_HEADERS 1
| #define HAVE_CPP_VARARG_MACRO_ISO 1
| #define HAVE_CPP_VARARG_MACRO_GCC 1
| /* end confdefs.h.  */
| #include <stdio.h>
| #ifdef HAVE_SYS_TYPES_H
| # include <sys/types.h>
| #endif
| #ifdef HAVE_SYS_STAT_H
| # include <sys/stat.h>
| #endif
| #ifdef STDC_HEADERS
| # include <stdlib.h>
| # include <stddef.h>
| #else
| # ifdef HAVE_STDLIB_H
| #  include <stdlib.h>
| # endif
| #endif
| #ifdef HAVE_STRING_H
| # if !defined STDC_HEADERS && defined HAVE_MEMORY_H
| #  include <memory.h>
| # endif
| # include <string.h>
| #endif
| #ifdef HAVE_STRINGS_H
| # include <strings.h>
| #endif
| #ifdef HAVE_INTTYPES_H
| # include <inttypes.h>
| #endif
| #ifdef HAVE_STDINT_H
| # include <stdint.h>
| #endif
| #ifdef HAVE_UNISTD_H
| # include <unistd.h>
| #endif
| int
| main ()
| {
| if (sizeof ((off_t)))
| 	    return 0;
|   ;
|   return 0;
| }
configure:13906: result: yes
configure:13917: checking for pid_t
configure:13917: gcc -c -g -O2  conftest.c >&5
configure:13917: $? = 0
configure:13917: gcc -c -g -O2  conftest.c >&5
conftest.c: In function 'main':
conftest.c:80:20: error: expected expression before ')' token
 if (sizeof ((pid_t)))
                    ^
configure:13917: $? = 1
configure: failed program was:
| /* confdefs.h */
| #define PACKAGE_NAME "pkcs11-helper"
| #define PACKAGE_TARNAME "pkcs11-helper"
| #define PACKAGE_VERSION "1.11"
| #define PACKAGE_STRING "pkcs11-helper 1.11"
| #define PACKAGE_BUGREPORT ""
| #define PACKAGE_URL ""
| #define PACKAGE "pkcs11-helper"
| #define VERSION "1.11"
| #define TEST_PROVIDER "/usr/lib/pkcs11/provider.so"
| #define TEST_LOG_LEVEL 3
| #define STDC_HEADERS 1
| #define HAVE_SYS_TYPES_H 1
| #define HAVE_SYS_STAT_H 1
| #define HAVE_STDLIB_H 1
| #define HAVE_STRING_H 1
| #define HAVE_MEMORY_H 1
| #define HAVE_STRINGS_H 1
| #define HAVE_INTTYPES_H 1
| #define HAVE_STDINT_H 1
| #define HAVE_UNISTD_H 1
| #define HAVE_DLFCN_H 1
| #define LT_OBJDIR ".libs/"
| #define TIME_WITH_SYS_TIME 1
| #define HAVE_SYS_TIME_H 1
| #define HAVE_UNISTD_H 1
| #define HAVE_ALARM 1
| #define HAVE_VPRINTF 1
| #define HAVE_GETTIMEOFDAY 1
| #define HAVE_MEMMOVE 1
| #define HAVE_MEMSET 1
| #define HAVE_SOCKET 1
| #define HAVE_STRCHR 1
| #define HAVE_STRDUP 1
| #define HAVE_STRERROR 1
| #define HAVE_STRRCHR 1
| #define HAVE_SNPRINTF 1
| #define HAVE_LIBDL 1
| #define HAVE_LIBPTHREAD 1
| #define STDC_HEADERS 1
| #define HAVE_CPP_VARARG_MACRO_ISO 1
| #define HAVE_CPP_VARARG_MACRO_GCC 1
| /* end confdefs.h.  */
| #include <stdio.h>
| #ifdef HAVE_SYS_TYPES_H
| # include <sys/types.h>
| #endif
| #ifdef HAVE_SYS_STAT_H
| # include <sys/stat.h>
| #endif
| #ifdef STDC_HEADERS
| # include <stdlib.h>
| # include <stddef.h>
| #else
| # ifdef HAVE_STDLIB_H
| #  include <stdlib.h>
| # endif
| #endif
| #ifdef HAVE_STRING_H
| # if !defined STDC_HEADERS && defined HAVE_MEMORY_H
| #  include <memory.h>
| # endif
| # include <string.h>
| #endif
| #ifdef HAVE_STRINGS_H
| # include <strings.h>
| #endif
| #ifdef HAVE_INTTYPES_H
| # include <inttypes.h>
| #endif
| #ifdef HAVE_STDINT_H
| # include <stdint.h>
| #endif
| #ifdef HAVE_UNISTD_H
| # include <unistd.h>
| #endif
| int
| main ()
| {
| if (sizeof ((pid_t)))
| 	    return 0;
|   ;
|   return 0;
| }
configure:13917: result: yes
configure:13928: checking for size_t
configure:13928: gcc -c -g -O2  conftest.c >&5
configure:13928: $? = 0
configure:13928: gcc -c -g -O2  conftest.c >&5
conftest.c: In function 'main':
conftest.c:80:21: error: expected expression before ')' token
 if (sizeof ((size_t)))
                     ^
configure:13928: $? = 1
configure: failed program was:
| /* confdefs.h */
| #define PACKAGE_NAME "pkcs11-helper"
| #define PACKAGE_TARNAME "pkcs11-helper"
| #define PACKAGE_VERSION "1.11"
| #define PACKAGE_STRING "pkcs11-helper 1.11"
| #define PACKAGE_BUGREPORT ""
| #define PACKAGE_URL ""
| #define PACKAGE "pkcs11-helper"
| #define VERSION "1.11"
| #define TEST_PROVIDER "/usr/lib/pkcs11/provider.so"
| #define TEST_LOG_LEVEL 3
| #define STDC_HEADERS 1
| #define HAVE_SYS_TYPES_H 1
| #define HAVE_SYS_STAT_H 1
| #define HAVE_STDLIB_H 1
| #define HAVE_STRING_H 1
| #define HAVE_MEMORY_H 1
| #define HAVE_STRINGS_H 1
| #define HAVE_INTTYPES_H 1
| #define HAVE_STDINT_H 1
| #define HAVE_UNISTD_H 1
| #define HAVE_DLFCN_H 1
| #define LT_OBJDIR ".libs/"
| #define TIME_WITH_SYS_TIME 1
| #define HAVE_SYS_TIME_H 1
| #define HAVE_UNISTD_H 1
| #define HAVE_ALARM 1
| #define HAVE_VPRINTF 1
| #define HAVE_GETTIMEOFDAY 1
| #define HAVE_MEMMOVE 1
| #define HAVE_MEMSET 1
| #define HAVE_SOCKET 1
| #define HAVE_STRCHR 1
| #define HAVE_STRDUP 1
| #define HAVE_STRERROR 1
| #define HAVE_STRRCHR 1
| #define HAVE_SNPRINTF 1
| #define HAVE_LIBDL 1
| #define HAVE_LIBPTHREAD 1
| #define STDC_HEADERS 1
| #define HAVE_CPP_VARARG_MACRO_ISO 1
| #define HAVE_CPP_VARARG_MACRO_GCC 1
| /* end confdefs.h.  */
| #include <stdio.h>
| #ifdef HAVE_SYS_TYPES_H
| # include <sys/types.h>
| #endif
| #ifdef HAVE_SYS_STAT_H
| # include <sys/stat.h>
| #endif
| #ifdef STDC_HEADERS
| # include <stdlib.h>
| # include <stddef.h>
| #else
| # ifdef HAVE_STDLIB_H
| #  include <stdlib.h>
| # endif
| #endif
| #ifdef HAVE_STRING_H
| # if !defined STDC_HEADERS && defined HAVE_MEMORY_H
| #  include <memory.h>
| # endif
| # include <string.h>
| #endif
| #ifdef HAVE_STRINGS_H
| # include <strings.h>
| #endif
| #ifdef HAVE_INTTYPES_H
| # include <inttypes.h>
| #endif
| #ifdef HAVE_STDINT_H
| # include <stdint.h>
| #endif
| #ifdef HAVE_UNISTD_H
| # include <unistd.h>
| #endif
| int
| main ()
| {
| if (sizeof ((size_t)))
| 	    return 0;
|   ;
|   return 0;
| }
configure:13928: result: yes
configure:13939: checking whether time.h and sys/time.h may both be included
configure:13966: result: yes
configure:13974: checking whether struct tm is in sys/time.h or time.h
configure:13994: gcc -c -g -O2  conftest.c >&5
configure:13994: $? = 0
configure:14001: result: time.h
configure:14009: checking for size_t
configure:14009: result: yes
configure:14023: checking size of size_t
configure:14028: gcc -o conftest -g -O2   conftest.c -lpthread -ldl  >&5
configure:14028: $? = 0
configure:14028: ./conftest
configure:14028: $? = 0
configure:14042: result: 8
configure:14051: checking size_t printf format
configure:14058: result: %016lx
configure:14077: checking stdio.h usability
configure:14077: gcc -c -g -O2  conftest.c >&5
configure:14077: $? = 0
configure:14077: result: yes
configure:14077: checking stdio.h presence
configure:14077: gcc -E  conftest.c
configure:14077: $? = 0
configure:14077: result: yes
configure:14077: checking for stdio.h
configure:14077: result: yes
configure:14077: checking for stdlib.h
configure:14077: result: yes
configure:14077: checking stdargs.h usability
configure:14077: gcc -c -g -O2  conftest.c >&5
conftest.c:82:21: fatal error: stdargs.h: No such file or directory
 #include <stdargs.h>
                     ^
compilation terminated.
configure:14077: $? = 1
configure: failed program was:
| /* confdefs.h */
| #define PACKAGE_NAME "pkcs11-helper"
| #define PACKAGE_TARNAME "pkcs11-helper"
| #define PACKAGE_VERSION "1.11"
| #define PACKAGE_STRING "pkcs11-helper 1.11"
| #define PACKAGE_BUGREPORT ""
| #define PACKAGE_URL ""
| #define PACKAGE "pkcs11-helper"
| #define VERSION "1.11"
| #define TEST_PROVIDER "/usr/lib/pkcs11/provider.so"
| #define TEST_LOG_LEVEL 3
| #define STDC_HEADERS 1
| #define HAVE_SYS_TYPES_H 1
| #define HAVE_SYS_STAT_H 1
| #define HAVE_STDLIB_H 1
| #define HAVE_STRING_H 1
| #define HAVE_MEMORY_H 1
| #define HAVE_STRINGS_H 1
| #define HAVE_INTTYPES_H 1
| #define HAVE_STDINT_H 1
| #define HAVE_UNISTD_H 1
| #define HAVE_DLFCN_H 1
| #define LT_OBJDIR ".libs/"
| #define TIME_WITH_SYS_TIME 1
| #define HAVE_SYS_TIME_H 1
| #define HAVE_UNISTD_H 1
| #define HAVE_ALARM 1
| #define HAVE_VPRINTF 1
| #define HAVE_GETTIMEOFDAY 1
| #define HAVE_MEMMOVE 1
| #define HAVE_MEMSET 1
| #define HAVE_SOCKET 1
| #define HAVE_STRCHR 1
| #define HAVE_STRDUP 1
| #define HAVE_STRERROR 1
| #define HAVE_STRRCHR 1
| #define HAVE_SNPRINTF 1
| #define HAVE_LIBDL 1
| #define HAVE_LIBPTHREAD 1
| #define STDC_HEADERS 1
| #define HAVE_CPP_VARARG_MACRO_ISO 1
| #define HAVE_CPP_VARARG_MACRO_GCC 1
| #define TIME_WITH_SYS_TIME 1
| #define SIZEOF_SIZE_T 8
| #define PRINTF_Z_FORMAT 		"%016lx"
| #define HAVE_STDIO_H 1
| #define HAVE_STDLIB_H 1
| /* end confdefs.h.  */
| #include <stdio.h>
| #ifdef HAVE_SYS_TYPES_H
| # include <sys/types.h>
| #endif
| #ifdef HAVE_SYS_STAT_H
| # include <sys/stat.h>
| #endif
| #ifdef STDC_HEADERS
| # include <stdlib.h>
| # include <stddef.h>
| #else
| # ifdef HAVE_STDLIB_H
| #  include <stdlib.h>
| # endif
| #endif
| #ifdef HAVE_STRING_H
| # if !defined STDC_HEADERS && defined HAVE_MEMORY_H
| #  include <memory.h>
| # endif
| # include <string.h>
| #endif
| #ifdef HAVE_STRINGS_H
| # include <strings.h>
| #endif
| #ifdef HAVE_INTTYPES_H
| # include <inttypes.h>
| #endif
| #ifdef HAVE_STDINT_H
| # include <stdint.h>
| #endif
| #ifdef HAVE_UNISTD_H
| # include <unistd.h>
| #endif
| #include <stdargs.h>
configure:14077: result: no
configure:14077: checking stdargs.h presence
configure:14077: gcc -E  conftest.c
conftest.c:49:21: fatal error: stdargs.h: No such file or directory
 #include <stdargs.h>
                     ^
compilation terminated.
configure:14077: $? = 1
configure: failed program was:
| /* confdefs.h */
| #define PACKAGE_NAME "pkcs11-helper"
| #define PACKAGE_TARNAME "pkcs11-helper"
| #define PACKAGE_VERSION "1.11"
| #define PACKAGE_STRING "pkcs11-helper 1.11"
| #define PACKAGE_BUGREPORT ""
| #define PACKAGE_URL ""
| #define PACKAGE "pkcs11-helper"
| #define VERSION "1.11"
| #define TEST_PROVIDER "/usr/lib/pkcs11/provider.so"
| #define TEST_LOG_LEVEL 3
| #define STDC_HEADERS 1
| #define HAVE_SYS_TYPES_H 1
| #define HAVE_SYS_STAT_H 1
| #define HAVE_STDLIB_H 1
| #define HAVE_STRING_H 1
| #define HAVE_MEMORY_H 1
| #define HAVE_STRINGS_H 1
| #define HAVE_INTTYPES_H 1
| #define HAVE_STDINT_H 1
| #define HAVE_UNISTD_H 1
| #define HAVE_DLFCN_H 1
| #define LT_OBJDIR ".libs/"
| #define TIME_WITH_SYS_TIME 1
| #define HAVE_SYS_TIME_H 1
| #define HAVE_UNISTD_H 1
| #define HAVE_ALARM 1
| #define HAVE_VPRINTF 1
| #define HAVE_GETTIMEOFDAY 1
| #define HAVE_MEMMOVE 1
| #define HAVE_MEMSET 1
| #define HAVE_SOCKET 1
| #define HAVE_STRCHR 1
| #define HAVE_STRDUP 1
| #define HAVE_STRERROR 1
| #define HAVE_STRRCHR 1
| #define HAVE_SNPRINTF 1
| #define HAVE_LIBDL 1
| #define HAVE_LIBPTHREAD 1
| #define STDC_HEADERS 1
| #define HAVE_CPP_VARARG_MACRO_ISO 1
| #define HAVE_CPP_VARARG_MACRO_GCC 1
| #define TIME_WITH_SYS_TIME 1
| #define SIZEOF_SIZE_T 8
| #define PRINTF_Z_FORMAT 		"%016lx"
| #define HAVE_STDIO_H 1
| #define HAVE_STDLIB_H 1
| /* end confdefs.h.  */
| #include <stdargs.h>
configure:14077: result: no
configure:14077: checking for stdargs.h
configure:14077: result: no
configure:14077: checking malloc.h usability
configure:14077: gcc -c -g -O2  conftest.c >&5
configure:14077: $? = 0
configure:14077: result: yes
configure:14077: checking malloc.h presence
configure:14077: gcc -E  conftest.c
configure:14077: $? = 0
configure:14077: result: yes
configure:14077: checking for malloc.h
configure:14077: result: yes
configure:14077: checking ctype.h usability
configure:14077: gcc -c -g -O2  conftest.c >&5
configure:14077: $? = 0
configure:14077: result: yes
configure:14077: checking ctype.h presence
configure:14077: gcc -E  conftest.c
configure:14077: $? = 0
configure:14077: result: yes
configure:14077: checking for ctype.h
configure:14077: result: yes
configure:14077: checking for string.h
configure:14077: result: yes
configure:14077: checking errno.h usability
configure:14077: gcc -c -g -O2  conftest.c >&5
configure:14077: $? = 0
configure:14077: result: yes
configure:14077: checking errno.h presence
configure:14077: gcc -E  conftest.c
configure:14077: $? = 0
configure:14077: result: yes
configure:14077: checking for errno.h
configure:14077: result: yes
configure:14077: checking assert.h usability
configure:14077: gcc -c -g -O2  conftest.c >&5
configure:14077: $? = 0
configure:14077: result: yes
configure:14077: checking assert.h presence
configure:14077: gcc -E  conftest.c
configure:14077: $? = 0
configure:14077: result: yes
configure:14077: checking for assert.h
configure:14077: result: yes
configure:14077: checking time.h usability
configure:14077: gcc -c -g -O2  conftest.c >&5
configure:14077: $? = 0
configure:14077: result: yes
configure:14077: checking time.h presence
configure:14077: gcc -E  conftest.c
configure:14077: $? = 0
configure:14077: result: yes
configure:14077: checking for time.h
configure:14077: result: yes
configure:14097: checking signal.h usability
configure:14097: gcc -c -g -O2  conftest.c >&5
configure:14097: $? = 0
configure:14097: result: yes
configure:14097: checking signal.h presence
configure:14097: gcc -E  conftest.c
configure:14097: $? = 0
configure:14097: result: yes
configure:14097: checking for signal.h
configure:14097: result: yes
configure:14097: checking for dlfcn.h
configure:14097: result: yes
configure:14097: checking for unistd.h
configure:14097: result: yes
configure:14097: checking for sys/time.h
configure:14097: result: yes
configure:14097: checking pthread.h usability
configure:14097: gcc -c -g -O2  conftest.c >&5
configure:14097: $? = 0
configure:14097: result: yes
configure:14097: checking pthread.h presence
configure:14097: gcc -E  conftest.c
configure:14097: $? = 0
configure:14097: result: yes
configure:14097: checking for pthread.h
configure:14097: result: yes
configure:14109: checking OpenSSL interface
configure:14115: result: yes
configure:14124: checking Win32 crypto engine
configure:14133: result: no
configure:14137: checking OpenSSL crypto engine
configure:14141: result: yes
configure:14161: checking GnuTLS crypto engine
configure:14173: result: no
configure:14181: checking NSS crypto engine
configure:14193: result: no
configure:14201: checking PolarSSL crypto engine
configure:14213: result: no
configure:14500: checking that generated files are newer than configure
configure:14506: result: done
configure:14565: creating ./config.status

## ---------------------- ##
## Running config.status. ##
## ---------------------- ##

This file was extended by pkcs11-helper config.status 1.11, which was
generated by GNU Autoconf 2.69.  Invocation command line was

  CONFIG_FILES    = 
  CONFIG_HEADERS  = 
  CONFIG_LINKS    = 
  CONFIG_COMMANDS = 
  $ ./config.status 

on ubuntu

config.status:1238: creating Makefile
config.status:1238: creating config-w32-vc.h
config.status:1238: creating include/Makefile
config.status:1238: creating include/pkcs11-helper-1.0/Makefile
config.status:1238: creating include/pkcs11-helper-1.0/pkcs11h-version.h
config.status:1238: creating man/Makefile
config.status:1238: creating doc/Makefile
config.status:1238: creating doc/api/Makefile
config.status:1238: creating doc/api/Doxyfile
config.status:1238: creating lib/Makefile
config.status:1238: creating lib/libpkcs11-helper-1.pc
config.status:1238: creating lib/versioninfo.rc
config.status:1238: creating m4dir/Makefile
config.status:1238: creating distro/Makefile
config.status:1238: creating distro/rpm/Makefile
config.status:1238: creating distro/rpm/pkcs11-helper.spec
config.status:1238: creating distro/debian/Makefile
config.status:1238: creating tests/Makefile
config.status:1238: creating tests/test-basic/Makefile
config.status:1238: creating tests/test-certificate/Makefile
config.status:1238: creating tests/test-slotevent/Makefile
config.status:1238: creating config.h
config.status:1467: executing depfiles commands
config.status:1467: executing libtool commands

## ---------------- ##
## Cache variables. ##
## ---------------- ##

ac_cv_build=x86_64-unknown-linux-gnu
ac_cv_c_compiler_gnu=yes
ac_cv_c_const=yes
ac_cv_c_volatile=yes
ac_cv_env_CC_set=
ac_cv_env_CC_value=
ac_cv_env_CFLAGS_set=
ac_cv_env_CFLAGS_value=
ac_cv_env_CPPFLAGS_set=
ac_cv_env_CPPFLAGS_value=
ac_cv_env_CPP_set=
ac_cv_env_CPP_value=
ac_cv_env_DOXYGEN_set=
ac_cv_env_DOXYGEN_value=
ac_cv_env_GNUTLS_CFLAGS_set=
ac_cv_env_GNUTLS_CFLAGS_value=
ac_cv_env_GNUTLS_LIBS_set=
ac_cv_env_GNUTLS_LIBS_value=
ac_cv_env_LDFLAGS_set=
ac_cv_env_LDFLAGS_value=
ac_cv_env_LIBS_set=
ac_cv_env_LIBS_value=
ac_cv_env_M4_set=
ac_cv_env_M4_value=
ac_cv_env_MAN2HTML_set=
ac_cv_env_MAN2HTML_value=
ac_cv_env_NSS_CFLAGS_set=
ac_cv_env_NSS_CFLAGS_value=
ac_cv_env_NSS_LIBS_set=
ac_cv_env_NSS_LIBS_value=
ac_cv_env_OPENSSL_CFLAGS_set=
ac_cv_env_OPENSSL_CFLAGS_value=
ac_cv_env_OPENSSL_LIBS_set=
ac_cv_env_OPENSSL_LIBS_value=
ac_cv_env_PKG_CONFIG_LIBDIR_set=
ac_cv_env_PKG_CONFIG_LIBDIR_value=
ac_cv_env_PKG_CONFIG_PATH_set=
ac_cv_env_PKG_CONFIG_PATH_value=
ac_cv_env_PKG_CONFIG_set=
ac_cv_env_PKG_CONFIG_value=
ac_cv_env_POLARSSL_CFLAGS_set=
ac_cv_env_POLARSSL_CFLAGS_value=
ac_cv_env_POLARSSL_LIBS_set=
ac_cv_env_POLARSSL_LIBS_value=
ac_cv_env_build_alias_set=
ac_cv_env_build_alias_value=
ac_cv_env_host_alias_set=
ac_cv_env_host_alias_value=
ac_cv_env_target_alias_set=
ac_cv_env_target_alias_value=
ac_cv_func_ECDSA_METHOD_new=no
ac_cv_func__doprnt=no
ac_cv_func_alarm=yes
ac_cv_func_gettimeofday=yes
ac_cv_func_memmove=yes
ac_cv_func_memset=yes
ac_cv_func_snprintf=yes
ac_cv_func_socket=yes
ac_cv_func_strchr=yes
ac_cv_func_strdup=yes
ac_cv_func_strerror=yes
ac_cv_func_strrchr=yes
ac_cv_func_vprintf=yes
ac_cv_func_working_mktime=yes
ac_cv_header_assert_h=yes
ac_cv_header_ctype_h=yes
ac_cv_header_dlfcn_h=yes
ac_cv_header_ecs_locl_h=no
ac_cv_header_errno_h=yes
ac_cv_header_inttypes_h=yes
ac_cv_header_malloc_h=yes
ac_cv_header_memory_h=yes
ac_cv_header_pthread_h=yes
ac_cv_header_signal_h=yes
ac_cv_header_stdargs_h=no
ac_cv_header_stdc=yes
ac_cv_header_stdint_h=yes
ac_cv_header_stdio_h=yes
ac_cv_header_stdlib_h=yes
ac_cv_header_string_h=yes
ac_cv_header_strings_h=yes
ac_cv_header_sys_stat_h=yes
ac_cv_header_sys_time_h=yes
ac_cv_header_sys_types_h=yes
ac_cv_header_time=yes
ac_cv_header_time_h=yes
ac_cv_header_unistd_h=yes
ac_cv_host=x86_64-unknown-linux-gnu
ac_cv_lib_dl_dlopen=yes
ac_cv_lib_polarssl_x509parse_crt=no
ac_cv_lib_pthread_pthread_create=yes
ac_cv_objext=o
ac_cv_path_EGREP='/bin/grep -E'
ac_cv_path_FGREP='/bin/grep -F'
ac_cv_path_GREP=/bin/grep
ac_cv_path_SED=/bin/sed
ac_cv_path_ac_pt_PKG_CONFIG=/usr/bin/pkg-config
ac_cv_path_install='/usr/bin/install -c'
ac_cv_path_mkdir=/bin/mkdir
ac_cv_prog_AWK=mawk
ac_cv_prog_CPP='gcc -E'
ac_cv_prog_M4=m4
ac_cv_prog_ac_ct_AR=ar
ac_cv_prog_ac_ct_CC=gcc
ac_cv_prog_ac_ct_MANIFEST_TOOL=mt
ac_cv_prog_ac_ct_OBJDUMP=objdump
ac_cv_prog_ac_ct_RANLIB=ranlib
ac_cv_prog_ac_ct_STRIP=strip
ac_cv_prog_cc_c89=
ac_cv_prog_cc_g=yes
ac_cv_prog_make_make_set=yes
ac_cv_sizeof_size_t=8
ac_cv_struct_tm=time.h
ac_cv_type_off_t=yes
ac_cv_type_pid_t=yes
ac_cv_type_size_t=yes
am_cv_CC_dependencies_compiler_type=gcc3
am_cv_make_support_nested_variables=yes
am_cv_prog_cc_c_o=yes
ax_cv_cpp_vararg_macro_gcc=yes
ax_cv_cpp_vararg_macro_iso=yes
ax_cv_printf_z_format=%016lx
lt_cv_ar_at_file=@
lt_cv_archive_cmds_need_lc=no
lt_cv_deplibs_check_method=pass_all
lt_cv_file_magic_cmd='$MAGIC_CMD'
lt_cv_file_magic_test_file=
lt_cv_ld_reload_flag=-r
lt_cv_nm_interface='BSD nm'
lt_cv_objdir=.libs
lt_cv_path_LD=/usr/bin/ld
lt_cv_path_NM='/usr/bin/nm -B'
lt_cv_path_mainfest_tool=no
lt_cv_prog_compiler_c_o=yes
lt_cv_prog_compiler_c_o_RC=yes
lt_cv_prog_compiler_pic='-fPIC -DPIC'
lt_cv_prog_compiler_pic_works=yes
lt_cv_prog_compiler_rtti_exceptions=no
lt_cv_prog_compiler_static_works=yes
lt_cv_prog_gnu_ld=yes
lt_cv_sharedlib_from_linklib_cmd='printf %s\n'
lt_cv_shlibpath_overrides_runpath=no
lt_cv_sys_global_symbol_pipe='sed -n -e '\''s/^.*[	 ]\([ABCDGIRSTW][ABCDGIRSTW]*\)[	 ][	 ]*\([_A-Za-z][_A-Za-z0-9]*\)$/\1 \2 \2/p'\'' | sed '\''/ __gnu_lto/d'\'''
lt_cv_sys_global_symbol_to_c_name_address='sed -n -e '\''s/^: \([^ ]*\)[ ]*$/  {\"\1\", (void *) 0},/p'\'' -e '\''s/^[ABCDGIRSTW]* \([^ ]*\) \([^ ]*\)$/  {"\2", (void *) \&\2},/p'\'''
lt_cv_sys_global_symbol_to_c_name_address_lib_prefix='sed -n -e '\''s/^: \([^ ]*\)[ ]*$/  {\"\1\", (void *) 0},/p'\'' -e '\''s/^[ABCDGIRSTW]* \([^ ]*\) \(lib[^ ]*\)$/  {"\2", (void *) \&\2},/p'\'' -e '\''s/^[ABCDGIRSTW]* \([^ ]*\) \([^ ]*\)$/  {"lib\2", (void *) \&\2},/p'\'''
lt_cv_sys_global_symbol_to_cdecl='sed -n -e '\''s/^T .* \(.*\)$/extern int \1();/p'\'' -e '\''s/^[ABCDGIRSTW]* .* \(.*\)$/extern char \1;/p'\'''
lt_cv_sys_max_cmd_len=1572864
lt_cv_to_host_file_cmd=func_convert_file_noop
lt_cv_to_tool_file_cmd=func_convert_file_noop
pkg_cv_OPENSSL_CFLAGS=' '
pkg_cv_OPENSSL_LIBS='-lcrypto  '

## ----------------- ##
## Output variables. ##
## ----------------- ##

ACLOCAL='${SHELL} /home/waseldev/Development/pkcs11-helper/missing aclocal-1.14'
AMDEPBACKSLASH='\'
AMDEP_FALSE='#'
AMDEP_TRUE=''
AMTAR='$${TAR-tar}'
AM_BACKSLASH='\'
AM_DEFAULT_V='$(AM_DEFAULT_VERBOSITY)'
AM_DEFAULT_VERBOSITY='1'
AM_V='$(V)'
AR='ar'
AS='as'
AUTOCONF='${SHELL} /home/waseldev/Development/pkcs11-helper/missing autoconf'
AUTOHEADER='${SHELL} /home/waseldev/Development/pkcs11-helper/missing autoheader'
AUTOMAKE='${SHELL} /home/waseldev/Development/pkcs11-helper/missing automake-1.14'
AWK='mawk'
CC='gcc'
CCDEPMODE='depmode=gcc3'
CFLAGS='-g -O2  '
CPP='gcc -E'
CPPFLAGS=''
CYGPATH_W='echo'
CYGWIN_FALSE=''
CYGWIN_TRUE='#'
DEFS='-DHAVE_CONFIG_H'
DEPDIR='.deps'
DLLTOOL='false'
DOXYGEN=''
DSYMUTIL=''
DUMPBIN=''
ECHO_C=''
ECHO_N='-n'
ECHO_T=''
EGREP='/bin/grep -E'
ENABLE_DOC_FALSE=''
ENABLE_DOC_TRUE='#'
ENABLE_PKCS11H_CERTIFICATE_FALSE='#'
ENABLE_PKCS11H_CERTIFICATE_TRUE=''
ENABLE_PKCS11H_DATA_FALSE='#'
ENABLE_PKCS11H_DATA_TRUE=''
ENABLE_PKCS11H_OPENSSL_FALSE='#'
ENABLE_PKCS11H_OPENSSL_TRUE=''
ENABLE_PKCS11H_SLOTEVENT_FALSE='#'
ENABLE_PKCS11H_SLOTEVENT_TRUE=''
ENABLE_PKCS11H_TOKEN_FALSE='#'
ENABLE_PKCS11H_TOKEN_TRUE=''
ENABLE_TESTS_FALSE=''
ENABLE_TESTS_TRUE='#'
EXEEXT=''
FGREP='/bin/grep -F'
GNUTLS_CFLAGS=''
GNUTLS_LIBS=''
GREP='/bin/grep'
INSTALL_DATA='${INSTALL} -m 644'
INSTALL_PROGRAM='${INSTALL}'
INSTALL_SCRIPT='${INSTALL}'
INSTALL_STRIP_PROGRAM='$(install_sh) -c -s'
LD='/usr/bin/ld -m elf_x86_64'
LDFLAGS=''
LIBOBJS=''
LIBPKCS11_HELPER_LT_AGE='0'
LIBPKCS11_HELPER_LT_CURRENT='1'
LIBPKCS11_HELPER_LT_OLDEST='1'
LIBPKCS11_HELPER_LT_REVISION='0'
LIBS='-lpthread -ldl  -lcrypto  '
LIBTOOL='$(SHELL) $(top_builddir)/libtool'
LIPO=''
LN_S='ln -s'
LTLIBOBJS=''
M4='m4'
MAKEINFO='${SHELL} /home/waseldev/Development/pkcs11-helper/missing makeinfo'
MAN2HTML=''
MANIFEST_TOOL=':'
MKDIR_P='/bin/mkdir -p'
NM='/usr/bin/nm -B'
NMEDIT=''
NSS_CFLAGS=''
NSS_LIBS=''
OBJDUMP='objdump'
OBJEXT='o'
OPENSSL_CFLAGS=' '
OPENSSL_LIBS='-lcrypto  '
OTOOL64=''
OTOOL=''
PACKAGE='pkcs11-helper'
PACKAGE_BUGREPORT=''
PACKAGE_NAME='pkcs11-helper'
PACKAGE_STRING='pkcs11-helper 1.11'
PACKAGE_TARNAME='pkcs11-helper'
PACKAGE_URL=''
PACKAGE_VERSION='1.11'
PATH_SEPARATOR=':'
PKCS11H_FEATURES=' debug threading token data certificate slotevent openssl engine_crypto_openssl engine_crypto_nss engine_crypto_polarssl engine_crypto_cryptoapi engine_crypto_gnutls engine_crypto'
PKCS11H_VERSION_FIX='0'
PKCS11H_VERSION_MAJOR='1'
PKCS11H_VERSION_MINOR='11'
PKG_CONFIG='/usr/bin/pkg-config'
PKG_CONFIG_LIBDIR=''
PKG_CONFIG_PATH=''
POLARSSL_CFLAGS=''
POLARSSL_LIBS=''
RANLIB='ranlib'
RC=''
SED='/bin/sed'
SET_MAKE=''
SHELL='/bin/bash'
STRIP='strip'
VERSION='1.11'
WIN32_FALSE=''
WIN32_TRUE='#'
WIN_LIBPREFIX=''
ac_ct_AR='ar'
ac_ct_CC='gcc'
ac_ct_DUMPBIN=''
am__EXEEXT_FALSE=''
am__EXEEXT_TRUE='#'
am__fastdepCC_FALSE='#'
am__fastdepCC_TRUE=''
am__include='include'
am__isrc=''
am__leading_dot='.'
am__nodep='_no'
am__quote=''
am__tar='$${TAR-tar} chof - "$$tardir"'
am__untar='$${TAR-tar} xf -'
apidocdir='$(htmldir)/api'
bindir='${exec_prefix}/bin'
build='x86_64-unknown-linux-gnu'
build_alias=''
build_cpu='x86_64'
build_os='linux-gnu'
build_vendor='unknown'
datadir='${datarootdir}'
datarootdir='${prefix}/share'
docdir='${datarootdir}/doc/${PACKAGE_TARNAME}'
dvidir='${docdir}'
exec_prefix='${prefix}'
host='x86_64-unknown-linux-gnu'
host_alias=''
host_cpu='x86_64'
host_os='linux-gnu'
host_vendor='unknown'
htmldir='${docdir}'
includedir='${prefix}/include'
infodir='${datarootdir}/info'
install_sh='${SHELL} /home/waseldev/Development/pkcs11-helper/install-sh'
libdir='${exec_prefix}/lib'
libexecdir='${exec_prefix}/libexec'
localedir='${datarootdir}/locale'
localstatedir='${prefix}/var'
m4dir='$(datadir)/aclocal'
mandir='${datarootdir}/man'
mkdir_p='$(MKDIR_P)'
oldincludedir='/usr/include'
pdfdir='${docdir}'
pkcs11hincludedir='$(includedir)/pkcs11-helper-1.0'
pkgconfigdir='$(libdir)/pkgconfig'
prefix='/usr/local'
program_transform_name='s,x,x,'
psdir='${docdir}'
sbindir='${exec_prefix}/sbin'
sharedstatedir='${prefix}/com'
sysconfdir='${prefix}/etc'
target_alias=''

## ----------- ##
## confdefs.h. ##
## ----------- ##

/* confdefs.h */
#define PACKAGE_NAME "pkcs11-helper"
#define PACKAGE_TARNAME "pkcs11-helper"
#define PACKAGE_VERSION "1.11"
#define PACKAGE_STRING "pkcs11-helper 1.11"
#define PACKAGE_BUGREPORT ""
#define PACKAGE_URL ""
#define PACKAGE "pkcs11-helper"
#define VERSION "1.11"
#define TEST_PROVIDER "/usr/lib/pkcs11/provider.so"
#define TEST_LOG_LEVEL 3
#define STDC_HEADERS 1
#define HAVE_SYS_TYPES_H 1
#define HAVE_SYS_STAT_H 1
#define HAVE_STDLIB_H 1
#define HAVE_STRING_H 1
#define HAVE_MEMORY_H 1
#define HAVE_STRINGS_H 1
#define HAVE_INTTYPES_H 1
#define HAVE_STDINT_H 1
#define HAVE_UNISTD_H 1
#define HAVE_DLFCN_H 1
#define LT_OBJDIR ".libs/"
#define TIME_WITH_SYS_TIME 1
#define HAVE_SYS_TIME_H 1
#define HAVE_UNISTD_H 1
#define HAVE_ALARM 1
#define HAVE_VPRINTF 1
#define HAVE_GETTIMEOFDAY 1
#define HAVE_MEMMOVE 1
#define HAVE_MEMSET 1
#define HAVE_SOCKET 1
#define HAVE_STRCHR 1
#define HAVE_STRDUP 1
#define HAVE_STRERROR 1
#define HAVE_STRRCHR 1
#define HAVE_SNPRINTF 1
#define HAVE_LIBDL 1
#define HAVE_LIBPTHREAD 1
#define STDC_HEADERS 1
#define HAVE_CPP_VARARG_MACRO_ISO 1
#define HAVE_CPP_VARARG_MACRO_GCC 1
#define TIME_WITH_SYS_TIME 1
#define SIZEOF_SIZE_T 8
#define PRINTF_Z_FORMAT 		"%016lx"
#define HAVE_STDIO_H 1
#define HAVE_STDLIB_H 1
#define HAVE_MALLOC_H 1
#define HAVE_CTYPE_H 1
#define HAVE_STRING_H 1
#define HAVE_ERRNO_H 1
#define HAVE_ASSERT_H 1
#define HAVE_TIME_H 1
#define HAVE_SIGNAL_H 1
#define HAVE_DLFCN_H 1
#define HAVE_UNISTD_H 1
#define HAVE_SYS_TIME_H 1
#define HAVE_PTHREAD_H 1
#define ENABLE_PKCS11H_ENGINE_OPENSSL 1
#define ENABLE_PKCS11H_DEBUG 1
#define ENABLE_PKCS11H_THREADING 1
#define ENABLE_PKCS11H_TOKEN 1
#define ENABLE_PKCS11H_DATA 1
#define ENABLE_PKCS11H_CERTIFICATE 1
#define ENABLE_PKCS11H_SLOTEVENT 1
#define ENABLE_PKCS11H_OPENSSL 1

configure: exit 0
